<?xml version="1.0" encoding="utf-8"?><testsuites name="pytest tests"><testsuite name="pytest" errors="0" failures="0" skipped="0" tests="21" time="8.736" timestamp="2026-02-21T23:58:16.143903+00:00" hostname="agent-env-79326f39-d3d9-464d-8278-20968750585b"><testcase classname="tests.test_diamantes_api.TestPublicEndpoints" name="test_root_endpoint" time="0.378" /><testcase classname="tests.test_diamantes_api.TestPublicEndpoints" name="test_get_plans" time="0.176" /><testcase classname="tests.test_diamantes_api.TestPublicEndpoints" name="test_get_inventory_stats" time="0.170" /><testcase classname="tests.test_diamantes_api.TestPublicEndpoints" name="test_get_active_event" time="0.163" /><testcase classname="tests.test_diamantes_api.TestPublicEndpoints" name="test_get_past_events" time="0.152" /><testcase classname="tests.test_diamantes_api.TestAdminAuth" name="test_admin_login_success" time="0.173" /><testcase classname="tests.test_diamantes_api.TestAdminAuth" name="test_admin_login_invalid_credentials" time="0.147" /><testcase classname="tests.test_diamantes_api.TestAdminAuth" name="test_admin_login_empty_credentials" time="0.171" /><testcase classname="tests.test_diamantes_api.TestAdminEndpoints" name="test_admin_stats" time="0.383" /><testcase classname="tests.test_diamantes_api.TestAdminEndpoints" name="test_admin_stats_unauthorized" time="0.347" /><testcase classname="tests.test_diamantes_api.TestAdminEndpoints" name="test_admin_purchases" time="0.350" /><testcase classname="tests.test_diamantes_api.TestAdminEndpoints" name="test_admin_customers" time="0.386" /><testcase classname="tests.test_diamantes_api.TestEventEndpoints" name="test_get_event_templates" time="0.386" /><testcase classname="tests.test_diamantes_api.TestEventEndpoints" name="test_get_all_events" time="0.279" /><testcase classname="tests.test_diamantes_api.TestEventEndpoints" name="test_create_and_delete_event" time="0.898" /><testcase classname="tests.test_diamantes_api.TestSettingsEndpoints" name="test_get_settings" time="0.345" /><testcase classname="tests.test_diamantes_api.TestSettingsEndpoints" name="test_save_settings" time="0.585" /><testcase classname="tests.test_diamantes_api.TestPaymentGateways" name="test_get_payment_gateways" time="0.372" /><testcase classname="tests.test_diamantes_api.TestPurchaseFlow" name="test_create_purchase_basico" time="2.143" /><testcase classname="tests.test_diamantes_api.TestPurchaseFlow" name="test_create_purchase_invalid_plan" time="0.197" /><testcase classname="tests.test_diamantes_api.TestPurchaseFlow" name="test_create_purchase_invalid_email" time="0.161" /></testsuite></testsuites>